The system is: Linux - 2.6.32-754.6.3.el6.x86_64 - x86_64
Compiling the C compiler identification source file "CMakeCCompilerId.c" succeeded.
Compiler: /dls_sw/apps/gcc/8.1.0/bin/gcc 
Build flags: 
Id flags:  

The output was:
0


Compilation of the C compiler identification source "CMakeCCompilerId.c" produced "a.out"

The C compiler identification is GNU, found in "/home/xol73553/git/geant4tomosim/build/CMakeFiles/3.12.0/CompilerIdC/a.out"

Compiling the CXX compiler identification source file "CMakeCXXCompilerId.cpp" succeeded.
Compiler: /dls_sw/apps/gcc/8.1.0/bin/g++ 
Build flags: 
Id flags:  

The output was:
0


Compilation of the CXX compiler identification source "CMakeCXXCompilerId.cpp" produced "a.out"

The CXX compiler identification is GNU, found in "/home/xol73553/git/geant4tomosim/build/CMakeFiles/3.12.0/CompilerIdCXX/a.out"

Determining if the C compiler works passed with the following output:
Change Dir: /home/xol73553/git/geant4tomosim/build/CMakeFiles/CMakeTmp

Run Build Command:"/usr/bin/gmake" "cmTC_85832/fast"
/usr/bin/gmake -f CMakeFiles/cmTC_85832.dir/build.make CMakeFiles/cmTC_85832.dir/build
gmake[1]: Entering directory `/home/xol73553/git/geant4tomosim/build/CMakeFiles/CMakeTmp'
Building C object CMakeFiles/cmTC_85832.dir/testCCompiler.c.o
/dls_sw/apps/gcc/8.1.0/bin/gcc    -o CMakeFiles/cmTC_85832.dir/testCCompiler.c.o   -c /home/xol73553/git/geant4tomosim/build/CMakeFiles/CMakeTmp/testCCompiler.c
Linking C executable cmTC_85832
/dls_sw/apps/cmake/3.12.0/bin/cmake -E cmake_link_script CMakeFiles/cmTC_85832.dir/link.txt --verbose=1
/dls_sw/apps/gcc/8.1.0/bin/gcc      -rdynamic CMakeFiles/cmTC_85832.dir/testCCompiler.c.o  -o cmTC_85832 
gmake[1]: Leaving directory `/home/xol73553/git/geant4tomosim/build/CMakeFiles/CMakeTmp'


Detecting C compiler ABI info compiled with the following output:
Change Dir: /home/xol73553/git/geant4tomosim/build/CMakeFiles/CMakeTmp

Run Build Command:"/usr/bin/gmake" "cmTC_04bb3/fast"
/usr/bin/gmake -f CMakeFiles/cmTC_04bb3.dir/build.make CMakeFiles/cmTC_04bb3.dir/build
gmake[1]: Entering directory `/home/xol73553/git/geant4tomosim/build/CMakeFiles/CMakeTmp'
Building C object CMakeFiles/cmTC_04bb3.dir/CMakeCCompilerABI.c.o
/dls_sw/apps/gcc/8.1.0/bin/gcc    -o CMakeFiles/cmTC_04bb3.dir/CMakeCCompilerABI.c.o   -c /dls_sw/apps/cmake/3.12.0/share/cmake-3.12/Modules/CMakeCCompilerABI.c
Linking C executable cmTC_04bb3
/dls_sw/apps/cmake/3.12.0/bin/cmake -E cmake_link_script CMakeFiles/cmTC_04bb3.dir/link.txt --verbose=1
/dls_sw/apps/gcc/8.1.0/bin/gcc     -v -rdynamic CMakeFiles/cmTC_04bb3.dir/CMakeCCompilerABI.c.o  -o cmTC_04bb3 
Using built-in specs.
COLLECT_GCC=/dls_sw/apps/gcc/8.1.0/bin/gcc
COLLECT_LTO_WRAPPER=/dls_sw/apps/gcc/8.1.0/libexec/gcc/x86_64-redhat-linux-gnu/8.1.0/lto-wrapper
Target: x86_64-redhat-linux-gnu
Configured with: ../configure --prefix=/dls_sw/apps/gcc/8.1.0 --disable-multilib --enable-libstdcxx-threads --enable-libstdcxx-time --enable-shared --enable-__cxa_atexit --disable-libunwind-exceptions --disable-libada --host x86_64-redhat-linux-gnu --build x86_64-redhat-linux-gnu
Thread model: posix
gcc version 8.1.0 (GCC) 
COMPILER_PATH=/dls_sw/apps/gcc/8.1.0/libexec/gcc/x86_64-redhat-linux-gnu/8.1.0/:/dls_sw/apps/gcc/8.1.0/libexec/gcc/x86_64-redhat-linux-gnu/8.1.0/:/dls_sw/apps/gcc/8.1.0/libexec/gcc/x86_64-redhat-linux-gnu/:/dls_sw/apps/gcc/8.1.0/lib/gcc/x86_64-redhat-linux-gnu/8.1.0/:/dls_sw/apps/gcc/8.1.0/lib/gcc/x86_64-redhat-linux-gnu/
LIBRARY_PATH=/dls_sw/apps/gcc/8.1.0/lib/gcc/x86_64-redhat-linux-gnu/8.1.0/:/dls_sw/apps/gcc/8.1.0/lib/gcc/x86_64-redhat-linux-gnu/8.1.0/../../../../lib64/:/lib/../lib64/:/usr/lib/../lib64/:/dls_sw/apps/gcc/8.1.0/lib/gcc/x86_64-redhat-linux-gnu/8.1.0/../../../:/lib/:/usr/lib/
COLLECT_GCC_OPTIONS='-v' '-rdynamic' '-o' 'cmTC_04bb3' '-mtune=generic' '-march=x86-64'
 /dls_sw/apps/gcc/8.1.0/libexec/gcc/x86_64-redhat-linux-gnu/8.1.0/collect2 --eh-frame-hdr -m elf_x86_64 -export-dynamic -dynamic-linker /lib64/ld-linux-x86-64.so.2 -o cmTC_04bb3 /usr/lib/../lib64/crt1.o /usr/lib/../lib64/crti.o /dls_sw/apps/gcc/8.1.0/lib/gcc/x86_64-redhat-linux-gnu/8.1.0/crtbegin.o -L/dls_sw/apps/gcc/8.1.0/lib/gcc/x86_64-redhat-linux-gnu/8.1.0 -L/dls_sw/apps/gcc/8.1.0/lib/gcc/x86_64-redhat-linux-gnu/8.1.0/../../../../lib64 -L/lib/../lib64 -L/usr/lib/../lib64 -L/dls_sw/apps/gcc/8.1.0/lib/gcc/x86_64-redhat-linux-gnu/8.1.0/../../.. CMakeFiles/cmTC_04bb3.dir/CMakeCCompilerABI.c.o -lgcc --as-needed -lgcc_s --no-as-needed -lc -lgcc --as-needed -lgcc_s --no-as-needed /dls_sw/apps/gcc/8.1.0/lib/gcc/x86_64-redhat-linux-gnu/8.1.0/crtend.o /usr/lib/../lib64/crtn.o
COLLECT_GCC_OPTIONS='-v' '-rdynamic' '-o' 'cmTC_04bb3' '-mtune=generic' '-march=x86-64'
gmake[1]: Leaving directory `/home/xol73553/git/geant4tomosim/build/CMakeFiles/CMakeTmp'


Parsed C implicit link information from above output:
  link line regex: [^( *|.*[/\])(ld|CMAKE_LINK_STARTFILE-NOTFOUND|([^/\]+-)?ld|collect2)[^/\]*( |$)]
  ignore line: [Change Dir: /home/xol73553/git/geant4tomosim/build/CMakeFiles/CMakeTmp]
  ignore line: []
  ignore line: [Run Build Command:"/usr/bin/gmake" "cmTC_04bb3/fast"]
  ignore line: [/usr/bin/gmake -f CMakeFiles/cmTC_04bb3.dir/build.make CMakeFiles/cmTC_04bb3.dir/build]
  ignore line: [gmake[1]: Entering directory `/home/xol73553/git/geant4tomosim/build/CMakeFiles/CMakeTmp']
  ignore line: [Building C object CMakeFiles/cmTC_04bb3.dir/CMakeCCompilerABI.c.o]
  ignore line: [/dls_sw/apps/gcc/8.1.0/bin/gcc    -o CMakeFiles/cmTC_04bb3.dir/CMakeCCompilerABI.c.o   -c /dls_sw/apps/cmake/3.12.0/share/cmake-3.12/Modules/CMakeCCompilerABI.c]
  ignore line: [Linking C executable cmTC_04bb3]
  ignore line: [/dls_sw/apps/cmake/3.12.0/bin/cmake -E cmake_link_script CMakeFiles/cmTC_04bb3.dir/link.txt --verbose=1]
  ignore line: [/dls_sw/apps/gcc/8.1.0/bin/gcc     -v -rdynamic CMakeFiles/cmTC_04bb3.dir/CMakeCCompilerABI.c.o  -o cmTC_04bb3 ]
  ignore line: [Using built-in specs.]
  ignore line: [COLLECT_GCC=/dls_sw/apps/gcc/8.1.0/bin/gcc]
  ignore line: [COLLECT_LTO_WRAPPER=/dls_sw/apps/gcc/8.1.0/libexec/gcc/x86_64-redhat-linux-gnu/8.1.0/lto-wrapper]
  ignore line: [Target: x86_64-redhat-linux-gnu]
  ignore line: [Configured with: ../configure --prefix=/dls_sw/apps/gcc/8.1.0 --disable-multilib --enable-libstdcxx-threads --enable-libstdcxx-time --enable-shared --enable-__cxa_atexit --disable-libunwind-exceptions --disable-libada --host x86_64-redhat-linux-gnu --build x86_64-redhat-linux-gnu]
  ignore line: [Thread model: posix]
  ignore line: [gcc version 8.1.0 (GCC) ]
  ignore line: [COMPILER_PATH=/dls_sw/apps/gcc/8.1.0/libexec/gcc/x86_64-redhat-linux-gnu/8.1.0/:/dls_sw/apps/gcc/8.1.0/libexec/gcc/x86_64-redhat-linux-gnu/8.1.0/:/dls_sw/apps/gcc/8.1.0/libexec/gcc/x86_64-redhat-linux-gnu/:/dls_sw/apps/gcc/8.1.0/lib/gcc/x86_64-redhat-linux-gnu/8.1.0/:/dls_sw/apps/gcc/8.1.0/lib/gcc/x86_64-redhat-linux-gnu/]
  ignore line: [LIBRARY_PATH=/dls_sw/apps/gcc/8.1.0/lib/gcc/x86_64-redhat-linux-gnu/8.1.0/:/dls_sw/apps/gcc/8.1.0/lib/gcc/x86_64-redhat-linux-gnu/8.1.0/../../../../lib64/:/lib/../lib64/:/usr/lib/../lib64/:/dls_sw/apps/gcc/8.1.0/lib/gcc/x86_64-redhat-linux-gnu/8.1.0/../../../:/lib/:/usr/lib/]
  ignore line: [COLLECT_GCC_OPTIONS='-v' '-rdynamic' '-o' 'cmTC_04bb3' '-mtune=generic' '-march=x86-64']
  link line: [ /dls_sw/apps/gcc/8.1.0/libexec/gcc/x86_64-redhat-linux-gnu/8.1.0/collect2 --eh-frame-hdr -m elf_x86_64 -export-dynamic -dynamic-linker /lib64/ld-linux-x86-64.so.2 -o cmTC_04bb3 /usr/lib/../lib64/crt1.o /usr/lib/../lib64/crti.o /dls_sw/apps/gcc/8.1.0/lib/gcc/x86_64-redhat-linux-gnu/8.1.0/crtbegin.o -L/dls_sw/apps/gcc/8.1.0/lib/gcc/x86_64-redhat-linux-gnu/8.1.0 -L/dls_sw/apps/gcc/8.1.0/lib/gcc/x86_64-redhat-linux-gnu/8.1.0/../../../../lib64 -L/lib/../lib64 -L/usr/lib/../lib64 -L/dls_sw/apps/gcc/8.1.0/lib/gcc/x86_64-redhat-linux-gnu/8.1.0/../../.. CMakeFiles/cmTC_04bb3.dir/CMakeCCompilerABI.c.o -lgcc --as-needed -lgcc_s --no-as-needed -lc -lgcc --as-needed -lgcc_s --no-as-needed /dls_sw/apps/gcc/8.1.0/lib/gcc/x86_64-redhat-linux-gnu/8.1.0/crtend.o /usr/lib/../lib64/crtn.o]
    arg [/dls_sw/apps/gcc/8.1.0/libexec/gcc/x86_64-redhat-linux-gnu/8.1.0/collect2] ==> ignore
    arg [--eh-frame-hdr] ==> ignore
    arg [-m] ==> ignore
    arg [elf_x86_64] ==> ignore
    arg [-export-dynamic] ==> ignore
    arg [-dynamic-linker] ==> ignore
    arg [/lib64/ld-linux-x86-64.so.2] ==> ignore
    arg [-o] ==> ignore
    arg [cmTC_04bb3] ==> ignore
    arg [/usr/lib/../lib64/crt1.o] ==> ignore
    arg [/usr/lib/../lib64/crti.o] ==> ignore
    arg [/dls_sw/apps/gcc/8.1.0/lib/gcc/x86_64-redhat-linux-gnu/8.1.0/crtbegin.o] ==> ignore
    arg [-L/dls_sw/apps/gcc/8.1.0/lib/gcc/x86_64-redhat-linux-gnu/8.1.0] ==> dir [/dls_sw/apps/gcc/8.1.0/lib/gcc/x86_64-redhat-linux-gnu/8.1.0]
    arg [-L/dls_sw/apps/gcc/8.1.0/lib/gcc/x86_64-redhat-linux-gnu/8.1.0/../../../../lib64] ==> dir [/dls_sw/apps/gcc/8.1.0/lib/gcc/x86_64-redhat-linux-gnu/8.1.0/../../../../lib64]
    arg [-L/lib/../lib64] ==> dir [/lib/../lib64]
    arg [-L/usr/lib/../lib64] ==> dir [/usr/lib/../lib64]
    arg [-L/dls_sw/apps/gcc/8.1.0/lib/gcc/x86_64-redhat-linux-gnu/8.1.0/../../..] ==> dir [/dls_sw/apps/gcc/8.1.0/lib/gcc/x86_64-redhat-linux-gnu/8.1.0/../../..]
    arg [CMakeFiles/cmTC_04bb3.dir/CMakeCCompilerABI.c.o] ==> ignore
    arg [-lgcc] ==> lib [gcc]
    arg [--as-needed] ==> ignore
    arg [-lgcc_s] ==> lib [gcc_s]
    arg [--no-as-needed] ==> ignore
    arg [-lc] ==> lib [c]
    arg [-lgcc] ==> lib [gcc]
    arg [--as-needed] ==> ignore
    arg [-lgcc_s] ==> lib [gcc_s]
    arg [--no-as-needed] ==> ignore
    arg [/dls_sw/apps/gcc/8.1.0/lib/gcc/x86_64-redhat-linux-gnu/8.1.0/crtend.o] ==> ignore
    arg [/usr/lib/../lib64/crtn.o] ==> ignore
  collapse library dir [/dls_sw/apps/gcc/8.1.0/lib/gcc/x86_64-redhat-linux-gnu/8.1.0] ==> [/dls_sw/apps/gcc/8.1.0/lib/gcc/x86_64-redhat-linux-gnu/8.1.0]
  collapse library dir [/dls_sw/apps/gcc/8.1.0/lib/gcc/x86_64-redhat-linux-gnu/8.1.0/../../../../lib64] ==> [/dls_sw/apps/gcc/8.1.0/lib64]
  collapse library dir [/lib/../lib64] ==> [/lib64]
  collapse library dir [/usr/lib/../lib64] ==> [/usr/lib64]
  collapse library dir [/dls_sw/apps/gcc/8.1.0/lib/gcc/x86_64-redhat-linux-gnu/8.1.0/../../..] ==> [/dls_sw/apps/gcc/8.1.0/lib]
  implicit libs: [gcc;gcc_s;c;gcc;gcc_s]
  implicit dirs: [/dls_sw/apps/gcc/8.1.0/lib/gcc/x86_64-redhat-linux-gnu/8.1.0;/dls_sw/apps/gcc/8.1.0/lib64;/lib64;/usr/lib64;/dls_sw/apps/gcc/8.1.0/lib]
  implicit fwks: []




Detecting C [-std=c11] compiler features compiled with the following output:
Change Dir: /home/xol73553/git/geant4tomosim/build/CMakeFiles/CMakeTmp

Run Build Command:"/usr/bin/gmake" "cmTC_f86a2/fast"
/usr/bin/gmake -f CMakeFiles/cmTC_f86a2.dir/build.make CMakeFiles/cmTC_f86a2.dir/build
gmake[1]: Entering directory `/home/xol73553/git/geant4tomosim/build/CMakeFiles/CMakeTmp'
Building C object CMakeFiles/cmTC_f86a2.dir/feature_tests.c.o
/dls_sw/apps/gcc/8.1.0/bin/gcc   -std=c11 -o CMakeFiles/cmTC_f86a2.dir/feature_tests.c.o   -c /home/xol73553/git/geant4tomosim/build/CMakeFiles/feature_tests.c
Linking C executable cmTC_f86a2
/dls_sw/apps/cmake/3.12.0/bin/cmake -E cmake_link_script CMakeFiles/cmTC_f86a2.dir/link.txt --verbose=1
/dls_sw/apps/gcc/8.1.0/bin/gcc      -rdynamic CMakeFiles/cmTC_f86a2.dir/feature_tests.c.o  -o cmTC_f86a2 
gmake[1]: Leaving directory `/home/xol73553/git/geant4tomosim/build/CMakeFiles/CMakeTmp'


    Feature record: C_FEATURE:1c_function_prototypes
    Feature record: C_FEATURE:1c_restrict
    Feature record: C_FEATURE:1c_static_assert
    Feature record: C_FEATURE:1c_variadic_macros


Detecting C [-std=c99] compiler features compiled with the following output:
Change Dir: /home/xol73553/git/geant4tomosim/build/CMakeFiles/CMakeTmp

Run Build Command:"/usr/bin/gmake" "cmTC_24e42/fast"
/usr/bin/gmake -f CMakeFiles/cmTC_24e42.dir/build.make CMakeFiles/cmTC_24e42.dir/build
gmake[1]: Entering directory `/home/xol73553/git/geant4tomosim/build/CMakeFiles/CMakeTmp'
Building C object CMakeFiles/cmTC_24e42.dir/feature_tests.c.o
/dls_sw/apps/gcc/8.1.0/bin/gcc   -std=c99 -o CMakeFiles/cmTC_24e42.dir/feature_tests.c.o   -c /home/xol73553/git/geant4tomosim/build/CMakeFiles/feature_tests.c
Linking C executable cmTC_24e42
/dls_sw/apps/cmake/3.12.0/bin/cmake -E cmake_link_script CMakeFiles/cmTC_24e42.dir/link.txt --verbose=1
/dls_sw/apps/gcc/8.1.0/bin/gcc      -rdynamic CMakeFiles/cmTC_24e42.dir/feature_tests.c.o  -o cmTC_24e42 
gmake[1]: Leaving directory `/home/xol73553/git/geant4tomosim/build/CMakeFiles/CMakeTmp'


    Feature record: C_FEATURE:1c_function_prototypes
    Feature record: C_FEATURE:1c_restrict
    Feature record: C_FEATURE:0c_static_assert
    Feature record: C_FEATURE:1c_variadic_macros


Detecting C [-std=c90] compiler features compiled with the following output:
Change Dir: /home/xol73553/git/geant4tomosim/build/CMakeFiles/CMakeTmp

Run Build Command:"/usr/bin/gmake" "cmTC_c40eb/fast"
/usr/bin/gmake -f CMakeFiles/cmTC_c40eb.dir/build.make CMakeFiles/cmTC_c40eb.dir/build
gmake[1]: Entering directory `/home/xol73553/git/geant4tomosim/build/CMakeFiles/CMakeTmp'
Building C object CMakeFiles/cmTC_c40eb.dir/feature_tests.c.o
/dls_sw/apps/gcc/8.1.0/bin/gcc   -std=c90 -o CMakeFiles/cmTC_c40eb.dir/feature_tests.c.o   -c /home/xol73553/git/geant4tomosim/build/CMakeFiles/feature_tests.c
Linking C executable cmTC_c40eb
/dls_sw/apps/cmake/3.12.0/bin/cmake -E cmake_link_script CMakeFiles/cmTC_c40eb.dir/link.txt --verbose=1
/dls_sw/apps/gcc/8.1.0/bin/gcc      -rdynamic CMakeFiles/cmTC_c40eb.dir/feature_tests.c.o  -o cmTC_c40eb 
gmake[1]: Leaving directory `/home/xol73553/git/geant4tomosim/build/CMakeFiles/CMakeTmp'


    Feature record: C_FEATURE:1c_function_prototypes
    Feature record: C_FEATURE:0c_restrict
    Feature record: C_FEATURE:0c_static_assert
    Feature record: C_FEATURE:0c_variadic_macros
Determining if the CXX compiler works passed with the following output:
Change Dir: /home/xol73553/git/geant4tomosim/build/CMakeFiles/CMakeTmp

Run Build Command:"/usr/bin/gmake" "cmTC_ac21a/fast"
/usr/bin/gmake -f CMakeFiles/cmTC_ac21a.dir/build.make CMakeFiles/cmTC_ac21a.dir/build
gmake[1]: Entering directory `/home/xol73553/git/geant4tomosim/build/CMakeFiles/CMakeTmp'
Building CXX object CMakeFiles/cmTC_ac21a.dir/testCXXCompiler.cxx.o
/dls_sw/apps/gcc/8.1.0/bin/g++     -o CMakeFiles/cmTC_ac21a.dir/testCXXCompiler.cxx.o -c /home/xol73553/git/geant4tomosim/build/CMakeFiles/CMakeTmp/testCXXCompiler.cxx
Linking CXX executable cmTC_ac21a
/dls_sw/apps/cmake/3.12.0/bin/cmake -E cmake_link_script CMakeFiles/cmTC_ac21a.dir/link.txt --verbose=1
/dls_sw/apps/gcc/8.1.0/bin/g++       -rdynamic CMakeFiles/cmTC_ac21a.dir/testCXXCompiler.cxx.o  -o cmTC_ac21a 
gmake[1]: Leaving directory `/home/xol73553/git/geant4tomosim/build/CMakeFiles/CMakeTmp'


Detecting CXX compiler ABI info compiled with the following output:
Change Dir: /home/xol73553/git/geant4tomosim/build/CMakeFiles/CMakeTmp

Run Build Command:"/usr/bin/gmake" "cmTC_5841b/fast"
/usr/bin/gmake -f CMakeFiles/cmTC_5841b.dir/build.make CMakeFiles/cmTC_5841b.dir/build
gmake[1]: Entering directory `/home/xol73553/git/geant4tomosim/build/CMakeFiles/CMakeTmp'
Building CXX object CMakeFiles/cmTC_5841b.dir/CMakeCXXCompilerABI.cpp.o
/dls_sw/apps/gcc/8.1.0/bin/g++     -o CMakeFiles/cmTC_5841b.dir/CMakeCXXCompilerABI.cpp.o -c /dls_sw/apps/cmake/3.12.0/share/cmake-3.12/Modules/CMakeCXXCompilerABI.cpp
Linking CXX executable cmTC_5841b
/dls_sw/apps/cmake/3.12.0/bin/cmake -E cmake_link_script CMakeFiles/cmTC_5841b.dir/link.txt --verbose=1
/dls_sw/apps/gcc/8.1.0/bin/g++      -v -rdynamic CMakeFiles/cmTC_5841b.dir/CMakeCXXCompilerABI.cpp.o  -o cmTC_5841b 
Using built-in specs.
COLLECT_GCC=/dls_sw/apps/gcc/8.1.0/bin/g++
COLLECT_LTO_WRAPPER=/dls_sw/apps/gcc/8.1.0/libexec/gcc/x86_64-redhat-linux-gnu/8.1.0/lto-wrapper
Target: x86_64-redhat-linux-gnu
Configured with: ../configure --prefix=/dls_sw/apps/gcc/8.1.0 --disable-multilib --enable-libstdcxx-threads --enable-libstdcxx-time --enable-shared --enable-__cxa_atexit --disable-libunwind-exceptions --disable-libada --host x86_64-redhat-linux-gnu --build x86_64-redhat-linux-gnu
Thread model: posix
gcc version 8.1.0 (GCC) 
COMPILER_PATH=/dls_sw/apps/gcc/8.1.0/libexec/gcc/x86_64-redhat-linux-gnu/8.1.0/:/dls_sw/apps/gcc/8.1.0/libexec/gcc/x86_64-redhat-linux-gnu/8.1.0/:/dls_sw/apps/gcc/8.1.0/libexec/gcc/x86_64-redhat-linux-gnu/:/dls_sw/apps/gcc/8.1.0/lib/gcc/x86_64-redhat-linux-gnu/8.1.0/:/dls_sw/apps/gcc/8.1.0/lib/gcc/x86_64-redhat-linux-gnu/
LIBRARY_PATH=/dls_sw/apps/gcc/8.1.0/lib/gcc/x86_64-redhat-linux-gnu/8.1.0/:/dls_sw/apps/gcc/8.1.0/lib/gcc/x86_64-redhat-linux-gnu/8.1.0/../../../../lib64/:/lib/../lib64/:/usr/lib/../lib64/:/dls_sw/apps/gcc/8.1.0/lib/gcc/x86_64-redhat-linux-gnu/8.1.0/../../../:/lib/:/usr/lib/
COLLECT_GCC_OPTIONS='-v' '-rdynamic' '-o' 'cmTC_5841b' '-shared-libgcc' '-mtune=generic' '-march=x86-64'
 /dls_sw/apps/gcc/8.1.0/libexec/gcc/x86_64-redhat-linux-gnu/8.1.0/collect2 --eh-frame-hdr -m elf_x86_64 -export-dynamic -dynamic-linker /lib64/ld-linux-x86-64.so.2 -o cmTC_5841b /usr/lib/../lib64/crt1.o /usr/lib/../lib64/crti.o /dls_sw/apps/gcc/8.1.0/lib/gcc/x86_64-redhat-linux-gnu/8.1.0/crtbegin.o -L/dls_sw/apps/gcc/8.1.0/lib/gcc/x86_64-redhat-linux-gnu/8.1.0 -L/dls_sw/apps/gcc/8.1.0/lib/gcc/x86_64-redhat-linux-gnu/8.1.0/../../../../lib64 -L/lib/../lib64 -L/usr/lib/../lib64 -L/dls_sw/apps/gcc/8.1.0/lib/gcc/x86_64-redhat-linux-gnu/8.1.0/../../.. CMakeFiles/cmTC_5841b.dir/CMakeCXXCompilerABI.cpp.o -lstdc++ -lm -lgcc_s -lgcc -lc -lgcc_s -lgcc /dls_sw/apps/gcc/8.1.0/lib/gcc/x86_64-redhat-linux-gnu/8.1.0/crtend.o /usr/lib/../lib64/crtn.o
COLLECT_GCC_OPTIONS='-v' '-rdynamic' '-o' 'cmTC_5841b' '-shared-libgcc' '-mtune=generic' '-march=x86-64'
gmake[1]: Leaving directory `/home/xol73553/git/geant4tomosim/build/CMakeFiles/CMakeTmp'


Parsed CXX implicit link information from above output:
  link line regex: [^( *|.*[/\])(ld|CMAKE_LINK_STARTFILE-NOTFOUND|([^/\]+-)?ld|collect2)[^/\]*( |$)]
  ignore line: [Change Dir: /home/xol73553/git/geant4tomosim/build/CMakeFiles/CMakeTmp]
  ignore line: []
  ignore line: [Run Build Command:"/usr/bin/gmake" "cmTC_5841b/fast"]
  ignore line: [/usr/bin/gmake -f CMakeFiles/cmTC_5841b.dir/build.make CMakeFiles/cmTC_5841b.dir/build]
  ignore line: [gmake[1]: Entering directory `/home/xol73553/git/geant4tomosim/build/CMakeFiles/CMakeTmp']
  ignore line: [Building CXX object CMakeFiles/cmTC_5841b.dir/CMakeCXXCompilerABI.cpp.o]
  ignore line: [/dls_sw/apps/gcc/8.1.0/bin/g++     -o CMakeFiles/cmTC_5841b.dir/CMakeCXXCompilerABI.cpp.o -c /dls_sw/apps/cmake/3.12.0/share/cmake-3.12/Modules/CMakeCXXCompilerABI.cpp]
  ignore line: [Linking CXX executable cmTC_5841b]
  ignore line: [/dls_sw/apps/cmake/3.12.0/bin/cmake -E cmake_link_script CMakeFiles/cmTC_5841b.dir/link.txt --verbose=1]
  ignore line: [/dls_sw/apps/gcc/8.1.0/bin/g++      -v -rdynamic CMakeFiles/cmTC_5841b.dir/CMakeCXXCompilerABI.cpp.o  -o cmTC_5841b ]
  ignore line: [Using built-in specs.]
  ignore line: [COLLECT_GCC=/dls_sw/apps/gcc/8.1.0/bin/g++]
  ignore line: [COLLECT_LTO_WRAPPER=/dls_sw/apps/gcc/8.1.0/libexec/gcc/x86_64-redhat-linux-gnu/8.1.0/lto-wrapper]
  ignore line: [Target: x86_64-redhat-linux-gnu]
  ignore line: [Configured with: ../configure --prefix=/dls_sw/apps/gcc/8.1.0 --disable-multilib --enable-libstdcxx-threads --enable-libstdcxx-time --enable-shared --enable-__cxa_atexit --disable-libunwind-exceptions --disable-libada --host x86_64-redhat-linux-gnu --build x86_64-redhat-linux-gnu]
  ignore line: [Thread model: posix]
  ignore line: [gcc version 8.1.0 (GCC) ]
  ignore line: [COMPILER_PATH=/dls_sw/apps/gcc/8.1.0/libexec/gcc/x86_64-redhat-linux-gnu/8.1.0/:/dls_sw/apps/gcc/8.1.0/libexec/gcc/x86_64-redhat-linux-gnu/8.1.0/:/dls_sw/apps/gcc/8.1.0/libexec/gcc/x86_64-redhat-linux-gnu/:/dls_sw/apps/gcc/8.1.0/lib/gcc/x86_64-redhat-linux-gnu/8.1.0/:/dls_sw/apps/gcc/8.1.0/lib/gcc/x86_64-redhat-linux-gnu/]
  ignore line: [LIBRARY_PATH=/dls_sw/apps/gcc/8.1.0/lib/gcc/x86_64-redhat-linux-gnu/8.1.0/:/dls_sw/apps/gcc/8.1.0/lib/gcc/x86_64-redhat-linux-gnu/8.1.0/../../../../lib64/:/lib/../lib64/:/usr/lib/../lib64/:/dls_sw/apps/gcc/8.1.0/lib/gcc/x86_64-redhat-linux-gnu/8.1.0/../../../:/lib/:/usr/lib/]
  ignore line: [COLLECT_GCC_OPTIONS='-v' '-rdynamic' '-o' 'cmTC_5841b' '-shared-libgcc' '-mtune=generic' '-march=x86-64']
  link line: [ /dls_sw/apps/gcc/8.1.0/libexec/gcc/x86_64-redhat-linux-gnu/8.1.0/collect2 --eh-frame-hdr -m elf_x86_64 -export-dynamic -dynamic-linker /lib64/ld-linux-x86-64.so.2 -o cmTC_5841b /usr/lib/../lib64/crt1.o /usr/lib/../lib64/crti.o /dls_sw/apps/gcc/8.1.0/lib/gcc/x86_64-redhat-linux-gnu/8.1.0/crtbegin.o -L/dls_sw/apps/gcc/8.1.0/lib/gcc/x86_64-redhat-linux-gnu/8.1.0 -L/dls_sw/apps/gcc/8.1.0/lib/gcc/x86_64-redhat-linux-gnu/8.1.0/../../../../lib64 -L/lib/../lib64 -L/usr/lib/../lib64 -L/dls_sw/apps/gcc/8.1.0/lib/gcc/x86_64-redhat-linux-gnu/8.1.0/../../.. CMakeFiles/cmTC_5841b.dir/CMakeCXXCompilerABI.cpp.o -lstdc++ -lm -lgcc_s -lgcc -lc -lgcc_s -lgcc /dls_sw/apps/gcc/8.1.0/lib/gcc/x86_64-redhat-linux-gnu/8.1.0/crtend.o /usr/lib/../lib64/crtn.o]
    arg [/dls_sw/apps/gcc/8.1.0/libexec/gcc/x86_64-redhat-linux-gnu/8.1.0/collect2] ==> ignore
    arg [--eh-frame-hdr] ==> ignore
    arg [-m] ==> ignore
    arg [elf_x86_64] ==> ignore
    arg [-export-dynamic] ==> ignore
    arg [-dynamic-linker] ==> ignore
    arg [/lib64/ld-linux-x86-64.so.2] ==> ignore
    arg [-o] ==> ignore
    arg [cmTC_5841b] ==> ignore
    arg [/usr/lib/../lib64/crt1.o] ==> ignore
    arg [/usr/lib/../lib64/crti.o] ==> ignore
    arg [/dls_sw/apps/gcc/8.1.0/lib/gcc/x86_64-redhat-linux-gnu/8.1.0/crtbegin.o] ==> ignore
    arg [-L/dls_sw/apps/gcc/8.1.0/lib/gcc/x86_64-redhat-linux-gnu/8.1.0] ==> dir [/dls_sw/apps/gcc/8.1.0/lib/gcc/x86_64-redhat-linux-gnu/8.1.0]
    arg [-L/dls_sw/apps/gcc/8.1.0/lib/gcc/x86_64-redhat-linux-gnu/8.1.0/../../../../lib64] ==> dir [/dls_sw/apps/gcc/8.1.0/lib/gcc/x86_64-redhat-linux-gnu/8.1.0/../../../../lib64]
    arg [-L/lib/../lib64] ==> dir [/lib/../lib64]
    arg [-L/usr/lib/../lib64] ==> dir [/usr/lib/../lib64]
    arg [-L/dls_sw/apps/gcc/8.1.0/lib/gcc/x86_64-redhat-linux-gnu/8.1.0/../../..] ==> dir [/dls_sw/apps/gcc/8.1.0/lib/gcc/x86_64-redhat-linux-gnu/8.1.0/../../..]
    arg [CMakeFiles/cmTC_5841b.dir/CMakeCXXCompilerABI.cpp.o] ==> ignore
    arg [-lstdc++] ==> lib [stdc++]
    arg [-lm] ==> lib [m]
    arg [-lgcc_s] ==> lib [gcc_s]
    arg [-lgcc] ==> lib [gcc]
    arg [-lc] ==> lib [c]
    arg [-lgcc_s] ==> lib [gcc_s]
    arg [-lgcc] ==> lib [gcc]
    arg [/dls_sw/apps/gcc/8.1.0/lib/gcc/x86_64-redhat-linux-gnu/8.1.0/crtend.o] ==> ignore
    arg [/usr/lib/../lib64/crtn.o] ==> ignore
  collapse library dir [/dls_sw/apps/gcc/8.1.0/lib/gcc/x86_64-redhat-linux-gnu/8.1.0] ==> [/dls_sw/apps/gcc/8.1.0/lib/gcc/x86_64-redhat-linux-gnu/8.1.0]
  collapse library dir [/dls_sw/apps/gcc/8.1.0/lib/gcc/x86_64-redhat-linux-gnu/8.1.0/../../../../lib64] ==> [/dls_sw/apps/gcc/8.1.0/lib64]
  collapse library dir [/lib/../lib64] ==> [/lib64]
  collapse library dir [/usr/lib/../lib64] ==> [/usr/lib64]
  collapse library dir [/dls_sw/apps/gcc/8.1.0/lib/gcc/x86_64-redhat-linux-gnu/8.1.0/../../..] ==> [/dls_sw/apps/gcc/8.1.0/lib]
  implicit libs: [stdc++;m;gcc_s;gcc;c;gcc_s;gcc]
  implicit dirs: [/dls_sw/apps/gcc/8.1.0/lib/gcc/x86_64-redhat-linux-gnu/8.1.0;/dls_sw/apps/gcc/8.1.0/lib64;/lib64;/usr/lib64;/dls_sw/apps/gcc/8.1.0/lib]
  implicit fwks: []




Detecting CXX [-std=c++2a] compiler features compiled with the following output:
Change Dir: /home/xol73553/git/geant4tomosim/build/CMakeFiles/CMakeTmp

Run Build Command:"/usr/bin/gmake" "cmTC_ee2ee/fast"
/usr/bin/gmake -f CMakeFiles/cmTC_ee2ee.dir/build.make CMakeFiles/cmTC_ee2ee.dir/build
gmake[1]: Entering directory `/home/xol73553/git/geant4tomosim/build/CMakeFiles/CMakeTmp'
Building CXX object CMakeFiles/cmTC_ee2ee.dir/feature_tests.cxx.o
/dls_sw/apps/gcc/8.1.0/bin/g++    -std=c++2a -o CMakeFiles/cmTC_ee2ee.dir/feature_tests.cxx.o -c /home/xol73553/git/geant4tomosim/build/CMakeFiles/feature_tests.cxx
Linking CXX executable cmTC_ee2ee
/dls_sw/apps/cmake/3.12.0/bin/cmake -E cmake_link_script CMakeFiles/cmTC_ee2ee.dir/link.txt --verbose=1
/dls_sw/apps/gcc/8.1.0/bin/g++       -rdynamic CMakeFiles/cmTC_ee2ee.dir/feature_tests.cxx.o  -o cmTC_ee2ee 
gmake[1]: Leaving directory `/home/xol73553/git/geant4tomosim/build/CMakeFiles/CMakeTmp'


    Feature record: CXX_FEATURE:1cxx_aggregate_default_initializers
    Feature record: CXX_FEATURE:1cxx_alias_templates
    Feature record: CXX_FEATURE:1cxx_alignas
    Feature record: CXX_FEATURE:1cxx_alignof
    Feature record: CXX_FEATURE:1cxx_attributes
    Feature record: CXX_FEATURE:1cxx_attribute_deprecated
    Feature record: CXX_FEATURE:1cxx_auto_type
    Feature record: CXX_FEATURE:1cxx_binary_literals
    Feature record: CXX_FEATURE:1cxx_constexpr
    Feature record: CXX_FEATURE:1cxx_contextual_conversions
    Feature record: CXX_FEATURE:1cxx_decltype
    Feature record: CXX_FEATURE:1cxx_decltype_auto
    Feature record: CXX_FEATURE:1cxx_decltype_incomplete_return_types
    Feature record: CXX_FEATURE:1cxx_default_function_template_args
    Feature record: CXX_FEATURE:1cxx_defaulted_functions
    Feature record: CXX_FEATURE:1cxx_defaulted_move_initializers
    Feature record: CXX_FEATURE:1cxx_delegating_constructors
    Feature record: CXX_FEATURE:1cxx_deleted_functions
    Feature record: CXX_FEATURE:1cxx_digit_separators
    Feature record: CXX_FEATURE:1cxx_enum_forward_declarations
    Feature record: CXX_FEATURE:1cxx_explicit_conversions
    Feature record: CXX_FEATURE:1cxx_extended_friend_declarations
    Feature record: CXX_FEATURE:1cxx_extern_templates
    Feature record: CXX_FEATURE:1cxx_final
    Feature record: CXX_FEATURE:1cxx_func_identifier
    Feature record: CXX_FEATURE:1cxx_generalized_initializers
    Feature record: CXX_FEATURE:1cxx_generic_lambdas
    Feature record: CXX_FEATURE:1cxx_inheriting_constructors
    Feature record: CXX_FEATURE:1cxx_inline_namespaces
    Feature record: CXX_FEATURE:1cxx_lambdas
    Feature record: CXX_FEATURE:1cxx_lambda_init_captures
    Feature record: CXX_FEATURE:1cxx_local_type_template_args
    Feature record: CXX_FEATURE:1cxx_long_long_type
    Feature record: CXX_FEATURE:1cxx_noexcept
    Feature record: CXX_FEATURE:1cxx_nonstatic_member_init
    Feature record: CXX_FEATURE:1cxx_nullptr
    Feature record: CXX_FEATURE:1cxx_override
    Feature record: CXX_FEATURE:1cxx_range_for
    Feature record: CXX_FEATURE:1cxx_raw_string_literals
    Feature record: CXX_FEATURE:1cxx_reference_qualified_functions
    Feature record: CXX_FEATURE:1cxx_relaxed_constexpr
    Feature record: CXX_FEATURE:1cxx_return_type_deduction
    Feature record: CXX_FEATURE:1cxx_right_angle_brackets
    Feature record: CXX_FEATURE:1cxx_rvalue_references
    Feature record: CXX_FEATURE:1cxx_sizeof_member
    Feature record: CXX_FEATURE:1cxx_static_assert
    Feature record: CXX_FEATURE:1cxx_strong_enums
    Feature record: CXX_FEATURE:1cxx_template_template_parameters
    Feature record: CXX_FEATURE:1cxx_thread_local
    Feature record: CXX_FEATURE:1cxx_trailing_return_types
    Feature record: CXX_FEATURE:1cxx_unicode_literals
    Feature record: CXX_FEATURE:1cxx_uniform_initialization
    Feature record: CXX_FEATURE:1cxx_unrestricted_unions
    Feature record: CXX_FEATURE:1cxx_user_literals
    Feature record: CXX_FEATURE:1cxx_variable_templates
    Feature record: CXX_FEATURE:1cxx_variadic_macros
    Feature record: CXX_FEATURE:1cxx_variadic_templates


Detecting CXX [-std=c++17] compiler features compiled with the following output:
Change Dir: /home/xol73553/git/geant4tomosim/build/CMakeFiles/CMakeTmp

Run Build Command:"/usr/bin/gmake" "cmTC_f523d/fast"
/usr/bin/gmake -f CMakeFiles/cmTC_f523d.dir/build.make CMakeFiles/cmTC_f523d.dir/build
gmake[1]: Entering directory `/home/xol73553/git/geant4tomosim/build/CMakeFiles/CMakeTmp'
Building CXX object CMakeFiles/cmTC_f523d.dir/feature_tests.cxx.o
/dls_sw/apps/gcc/8.1.0/bin/g++    -std=c++17 -o CMakeFiles/cmTC_f523d.dir/feature_tests.cxx.o -c /home/xol73553/git/geant4tomosim/build/CMakeFiles/feature_tests.cxx
Linking CXX executable cmTC_f523d
/dls_sw/apps/cmake/3.12.0/bin/cmake -E cmake_link_script CMakeFiles/cmTC_f523d.dir/link.txt --verbose=1
/dls_sw/apps/gcc/8.1.0/bin/g++       -rdynamic CMakeFiles/cmTC_f523d.dir/feature_tests.cxx.o  -o cmTC_f523d 
gmake[1]: Leaving directory `/home/xol73553/git/geant4tomosim/build/CMakeFiles/CMakeTmp'


    Feature record: CXX_FEATURE:1cxx_aggregate_default_initializers
    Feature record: CXX_FEATURE:1cxx_alias_templates
    Feature record: CXX_FEATURE:1cxx_alignas
    Feature record: CXX_FEATURE:1cxx_alignof
    Feature record: CXX_FEATURE:1cxx_attributes
    Feature record: CXX_FEATURE:1cxx_attribute_deprecated
    Feature record: CXX_FEATURE:1cxx_auto_type
    Feature record: CXX_FEATURE:1cxx_binary_literals
    Feature record: CXX_FEATURE:1cxx_constexpr
    Feature record: CXX_FEATURE:1cxx_contextual_conversions
    Feature record: CXX_FEATURE:1cxx_decltype
    Feature record: CXX_FEATURE:1cxx_decltype_auto
    Feature record: CXX_FEATURE:1cxx_decltype_incomplete_return_types
    Feature record: CXX_FEATURE:1cxx_default_function_template_args
    Feature record: CXX_FEATURE:1cxx_defaulted_functions
    Feature record: CXX_FEATURE:1cxx_defaulted_move_initializers
    Feature record: CXX_FEATURE:1cxx_delegating_constructors
    Feature record: CXX_FEATURE:1cxx_deleted_functions
    Feature record: CXX_FEATURE:1cxx_digit_separators
    Feature record: CXX_FEATURE:1cxx_enum_forward_declarations
    Feature record: CXX_FEATURE:1cxx_explicit_conversions
    Feature record: CXX_FEATURE:1cxx_extended_friend_declarations
    Feature record: CXX_FEATURE:1cxx_extern_templates
    Feature record: CXX_FEATURE:1cxx_final
    Feature record: CXX_FEATURE:1cxx_func_identifier
    Feature record: CXX_FEATURE:1cxx_generalized_initializers
    Feature record: CXX_FEATURE:1cxx_generic_lambdas
    Feature record: CXX_FEATURE:1cxx_inheriting_constructors
    Feature record: CXX_FEATURE:1cxx_inline_namespaces
    Feature record: CXX_FEATURE:1cxx_lambdas
    Feature record: CXX_FEATURE:1cxx_lambda_init_captures
    Feature record: CXX_FEATURE:1cxx_local_type_template_args
    Feature record: CXX_FEATURE:1cxx_long_long_type
    Feature record: CXX_FEATURE:1cxx_noexcept
    Feature record: CXX_FEATURE:1cxx_nonstatic_member_init
    Feature record: CXX_FEATURE:1cxx_nullptr
    Feature record: CXX_FEATURE:1cxx_override
    Feature record: CXX_FEATURE:1cxx_range_for
    Feature record: CXX_FEATURE:1cxx_raw_string_literals
    Feature record: CXX_FEATURE:1cxx_reference_qualified_functions
    Feature record: CXX_FEATURE:1cxx_relaxed_constexpr
    Feature record: CXX_FEATURE:1cxx_return_type_deduction
    Feature record: CXX_FEATURE:1cxx_right_angle_brackets
    Feature record: CXX_FEATURE:1cxx_rvalue_references
    Feature record: CXX_FEATURE:1cxx_sizeof_member
    Feature record: CXX_FEATURE:1cxx_static_assert
    Feature record: CXX_FEATURE:1cxx_strong_enums
    Feature record: CXX_FEATURE:1cxx_template_template_parameters
    Feature record: CXX_FEATURE:1cxx_thread_local
    Feature record: CXX_FEATURE:1cxx_trailing_return_types
    Feature record: CXX_FEATURE:1cxx_unicode_literals
    Feature record: CXX_FEATURE:1cxx_uniform_initialization
    Feature record: CXX_FEATURE:1cxx_unrestricted_unions
    Feature record: CXX_FEATURE:1cxx_user_literals
    Feature record: CXX_FEATURE:1cxx_variable_templates
    Feature record: CXX_FEATURE:1cxx_variadic_macros
    Feature record: CXX_FEATURE:1cxx_variadic_templates


Detecting CXX [-std=c++14] compiler features compiled with the following output:
Change Dir: /home/xol73553/git/geant4tomosim/build/CMakeFiles/CMakeTmp

Run Build Command:"/usr/bin/gmake" "cmTC_77036/fast"
/usr/bin/gmake -f CMakeFiles/cmTC_77036.dir/build.make CMakeFiles/cmTC_77036.dir/build
gmake[1]: Entering directory `/home/xol73553/git/geant4tomosim/build/CMakeFiles/CMakeTmp'
Building CXX object CMakeFiles/cmTC_77036.dir/feature_tests.cxx.o
/dls_sw/apps/gcc/8.1.0/bin/g++    -std=c++14 -o CMakeFiles/cmTC_77036.dir/feature_tests.cxx.o -c /home/xol73553/git/geant4tomosim/build/CMakeFiles/feature_tests.cxx
Linking CXX executable cmTC_77036
/dls_sw/apps/cmake/3.12.0/bin/cmake -E cmake_link_script CMakeFiles/cmTC_77036.dir/link.txt --verbose=1
/dls_sw/apps/gcc/8.1.0/bin/g++       -rdynamic CMakeFiles/cmTC_77036.dir/feature_tests.cxx.o  -o cmTC_77036 
gmake[1]: Leaving directory `/home/xol73553/git/geant4tomosim/build/CMakeFiles/CMakeTmp'


    Feature record: CXX_FEATURE:1cxx_aggregate_default_initializers
    Feature record: CXX_FEATURE:1cxx_alias_templates
    Feature record: CXX_FEATURE:1cxx_alignas
    Feature record: CXX_FEATURE:1cxx_alignof
    Feature record: CXX_FEATURE:1cxx_attributes
    Feature record: CXX_FEATURE:1cxx_attribute_deprecated
    Feature record: CXX_FEATURE:1cxx_auto_type
    Feature record: CXX_FEATURE:1cxx_binary_literals
    Feature record: CXX_FEATURE:1cxx_constexpr
    Feature record: CXX_FEATURE:1cxx_contextual_conversions
    Feature record: CXX_FEATURE:1cxx_decltype
    Feature record: CXX_FEATURE:1cxx_decltype_auto
    Feature record: CXX_FEATURE:1cxx_decltype_incomplete_return_types
    Feature record: CXX_FEATURE:1cxx_default_function_template_args
    Feature record: CXX_FEATURE:1cxx_defaulted_functions
    Feature record: CXX_FEATURE:1cxx_defaulted_move_initializers
    Feature record: CXX_FEATURE:1cxx_delegating_constructors
    Feature record: CXX_FEATURE:1cxx_deleted_functions
    Feature record: CXX_FEATURE:1cxx_digit_separators
    Feature record: CXX_FEATURE:1cxx_enum_forward_declarations
    Feature record: CXX_FEATURE:1cxx_explicit_conversions
    Feature record: CXX_FEATURE:1cxx_extended_friend_declarations
    Feature record: CXX_FEATURE:1cxx_extern_templates
    Feature record: CXX_FEATURE:1cxx_final
    Feature record: CXX_FEATURE:1cxx_func_identifier
    Feature record: CXX_FEATURE:1cxx_generalized_initializers
    Feature record: CXX_FEATURE:1cxx_generic_lambdas
    Feature record: CXX_FEATURE:1cxx_inheriting_constructors
    Feature record: CXX_FEATURE:1cxx_inline_namespaces
    Feature record: CXX_FEATURE:1cxx_lambdas
    Feature record: CXX_FEATURE:1cxx_lambda_init_captures
    Feature record: CXX_FEATURE:1cxx_local_type_template_args
    Feature record: CXX_FEATURE:1cxx_long_long_type
    Feature record: CXX_FEATURE:1cxx_noexcept
    Feature record: CXX_FEATURE:1cxx_nonstatic_member_init
    Feature record: CXX_FEATURE:1cxx_nullptr
    Feature record: CXX_FEATURE:1cxx_override
    Feature record: CXX_FEATURE:1cxx_range_for
    Feature record: CXX_FEATURE:1cxx_raw_string_literals
    Feature record: CXX_FEATURE:1cxx_reference_qualified_functions
    Feature record: CXX_FEATURE:1cxx_relaxed_constexpr
    Feature record: CXX_FEATURE:1cxx_return_type_deduction
    Feature record: CXX_FEATURE:1cxx_right_angle_brackets
    Feature record: CXX_FEATURE:1cxx_rvalue_references
    Feature record: CXX_FEATURE:1cxx_sizeof_member
    Feature record: CXX_FEATURE:1cxx_static_assert
    Feature record: CXX_FEATURE:1cxx_strong_enums
    Feature record: CXX_FEATURE:1cxx_template_template_parameters
    Feature record: CXX_FEATURE:1cxx_thread_local
    Feature record: CXX_FEATURE:1cxx_trailing_return_types
    Feature record: CXX_FEATURE:1cxx_unicode_literals
    Feature record: CXX_FEATURE:1cxx_uniform_initialization
    Feature record: CXX_FEATURE:1cxx_unrestricted_unions
    Feature record: CXX_FEATURE:1cxx_user_literals
    Feature record: CXX_FEATURE:1cxx_variable_templates
    Feature record: CXX_FEATURE:1cxx_variadic_macros
    Feature record: CXX_FEATURE:1cxx_variadic_templates


Detecting CXX [-std=c++11] compiler features compiled with the following output:
Change Dir: /home/xol73553/git/geant4tomosim/build/CMakeFiles/CMakeTmp

Run Build Command:"/usr/bin/gmake" "cmTC_a643b/fast"
/usr/bin/gmake -f CMakeFiles/cmTC_a643b.dir/build.make CMakeFiles/cmTC_a643b.dir/build
gmake[1]: Entering directory `/home/xol73553/git/geant4tomosim/build/CMakeFiles/CMakeTmp'
Building CXX object CMakeFiles/cmTC_a643b.dir/feature_tests.cxx.o
/dls_sw/apps/gcc/8.1.0/bin/g++    -std=c++11 -o CMakeFiles/cmTC_a643b.dir/feature_tests.cxx.o -c /home/xol73553/git/geant4tomosim/build/CMakeFiles/feature_tests.cxx
Linking CXX executable cmTC_a643b
/dls_sw/apps/cmake/3.12.0/bin/cmake -E cmake_link_script CMakeFiles/cmTC_a643b.dir/link.txt --verbose=1
/dls_sw/apps/gcc/8.1.0/bin/g++       -rdynamic CMakeFiles/cmTC_a643b.dir/feature_tests.cxx.o  -o cmTC_a643b 
gmake[1]: Leaving directory `/home/xol73553/git/geant4tomosim/build/CMakeFiles/CMakeTmp'


    Feature record: CXX_FEATURE:0cxx_aggregate_default_initializers
    Feature record: CXX_FEATURE:1cxx_alias_templates
    Feature record: CXX_FEATURE:1cxx_alignas
    Feature record: CXX_FEATURE:1cxx_alignof
    Feature record: CXX_FEATURE:1cxx_attributes
    Feature record: CXX_FEATURE:0cxx_attribute_deprecated
    Feature record: CXX_FEATURE:1cxx_auto_type
    Feature record: CXX_FEATURE:0cxx_binary_literals
    Feature record: CXX_FEATURE:1cxx_constexpr
    Feature record: CXX_FEATURE:0cxx_contextual_conversions
    Feature record: CXX_FEATURE:1cxx_decltype
    Feature record: CXX_FEATURE:0cxx_decltype_auto
    Feature record: CXX_FEATURE:1cxx_decltype_incomplete_return_types
    Feature record: CXX_FEATURE:1cxx_default_function_template_args
    Feature record: CXX_FEATURE:1cxx_defaulted_functions
    Feature record: CXX_FEATURE:1cxx_defaulted_move_initializers
    Feature record: CXX_FEATURE:1cxx_delegating_constructors
    Feature record: CXX_FEATURE:1cxx_deleted_functions
    Feature record: CXX_FEATURE:0cxx_digit_separators
    Feature record: CXX_FEATURE:1cxx_enum_forward_declarations
    Feature record: CXX_FEATURE:1cxx_explicit_conversions
    Feature record: CXX_FEATURE:1cxx_extended_friend_declarations
    Feature record: CXX_FEATURE:1cxx_extern_templates
    Feature record: CXX_FEATURE:1cxx_final
    Feature record: CXX_FEATURE:1cxx_func_identifier
    Feature record: CXX_FEATURE:1cxx_generalized_initializers
    Feature record: CXX_FEATURE:0cxx_generic_lambdas
    Feature record: CXX_FEATURE:1cxx_inheriting_constructors
    Feature record: CXX_FEATURE:1cxx_inline_namespaces
    Feature record: CXX_FEATURE:1cxx_lambdas
    Feature record: CXX_FEATURE:0cxx_lambda_init_captures
    Feature record: CXX_FEATURE:1cxx_local_type_template_args
    Feature record: CXX_FEATURE:1cxx_long_long_type
    Feature record: CXX_FEATURE:1cxx_noexcept
    Feature record: CXX_FEATURE:1cxx_nonstatic_member_init
    Feature record: CXX_FEATURE:1cxx_nullptr
    Feature record: CXX_FEATURE:1cxx_override
    Feature record: CXX_FEATURE:1cxx_range_for
    Feature record: CXX_FEATURE:1cxx_raw_string_literals
    Feature record: CXX_FEATURE:1cxx_reference_qualified_functions
    Feature record: CXX_FEATURE:0cxx_relaxed_constexpr
    Feature record: CXX_FEATURE:0cxx_return_type_deduction
    Feature record: CXX_FEATURE:1cxx_right_angle_brackets
    Feature record: CXX_FEATURE:1cxx_rvalue_references
    Feature record: CXX_FEATURE:1cxx_sizeof_member
    Feature record: CXX_FEATURE:1cxx_static_assert
    Feature record: CXX_FEATURE:1cxx_strong_enums
    Feature record: CXX_FEATURE:1cxx_template_template_parameters
    Feature record: CXX_FEATURE:1cxx_thread_local
    Feature record: CXX_FEATURE:1cxx_trailing_return_types
    Feature record: CXX_FEATURE:1cxx_unicode_literals
    Feature record: CXX_FEATURE:1cxx_uniform_initialization
    Feature record: CXX_FEATURE:1cxx_unrestricted_unions
    Feature record: CXX_FEATURE:1cxx_user_literals
    Feature record: CXX_FEATURE:0cxx_variable_templates
    Feature record: CXX_FEATURE:1cxx_variadic_macros
    Feature record: CXX_FEATURE:1cxx_variadic_templates


Detecting CXX [-std=c++98] compiler features compiled with the following output:
Change Dir: /home/xol73553/git/geant4tomosim/build/CMakeFiles/CMakeTmp

Run Build Command:"/usr/bin/gmake" "cmTC_447d2/fast"
/usr/bin/gmake -f CMakeFiles/cmTC_447d2.dir/build.make CMakeFiles/cmTC_447d2.dir/build
gmake[1]: Entering directory `/home/xol73553/git/geant4tomosim/build/CMakeFiles/CMakeTmp'
Building CXX object CMakeFiles/cmTC_447d2.dir/feature_tests.cxx.o
/dls_sw/apps/gcc/8.1.0/bin/g++    -std=c++98 -o CMakeFiles/cmTC_447d2.dir/feature_tests.cxx.o -c /home/xol73553/git/geant4tomosim/build/CMakeFiles/feature_tests.cxx
Linking CXX executable cmTC_447d2
/dls_sw/apps/cmake/3.12.0/bin/cmake -E cmake_link_script CMakeFiles/cmTC_447d2.dir/link.txt --verbose=1
/dls_sw/apps/gcc/8.1.0/bin/g++       -rdynamic CMakeFiles/cmTC_447d2.dir/feature_tests.cxx.o  -o cmTC_447d2 
gmake[1]: Leaving directory `/home/xol73553/git/geant4tomosim/build/CMakeFiles/CMakeTmp'


    Feature record: CXX_FEATURE:0cxx_aggregate_default_initializers
    Feature record: CXX_FEATURE:0cxx_alias_templates
    Feature record: CXX_FEATURE:0cxx_alignas
    Feature record: CXX_FEATURE:0cxx_alignof
    Feature record: CXX_FEATURE:0cxx_attributes
    Feature record: CXX_FEATURE:0cxx_attribute_deprecated
    Feature record: CXX_FEATURE:0cxx_auto_type
    Feature record: CXX_FEATURE:0cxx_binary_literals
    Feature record: CXX_FEATURE:0cxx_constexpr
    Feature record: CXX_FEATURE:0cxx_contextual_conversions
    Feature record: CXX_FEATURE:0cxx_decltype
    Feature record: CXX_FEATURE:0cxx_decltype_auto
    Feature record: CXX_FEATURE:0cxx_decltype_incomplete_return_types
    Feature record: CXX_FEATURE:0cxx_default_function_template_args
    Feature record: CXX_FEATURE:0cxx_defaulted_functions
    Feature record: CXX_FEATURE:0cxx_defaulted_move_initializers
    Feature record: CXX_FEATURE:0cxx_delegating_constructors
    Feature record: CXX_FEATURE:0cxx_deleted_functions
    Feature record: CXX_FEATURE:0cxx_digit_separators
    Feature record: CXX_FEATURE:0cxx_enum_forward_declarations
    Feature record: CXX_FEATURE:0cxx_explicit_conversions
    Feature record: CXX_FEATURE:0cxx_extended_friend_declarations
    Feature record: CXX_FEATURE:0cxx_extern_templates
    Feature record: CXX_FEATURE:0cxx_final
    Feature record: CXX_FEATURE:0cxx_func_identifier
    Feature record: CXX_FEATURE:0cxx_generalized_initializers
    Feature record: CXX_FEATURE:0cxx_generic_lambdas
    Feature record: CXX_FEATURE:0cxx_inheriting_constructors
    Feature record: CXX_FEATURE:0cxx_inline_namespaces
    Feature record: CXX_FEATURE:0cxx_lambdas
    Feature record: CXX_FEATURE:0cxx_lambda_init_captures
    Feature record: CXX_FEATURE:0cxx_local_type_template_args
    Feature record: CXX_FEATURE:0cxx_long_long_type
    Feature record: CXX_FEATURE:0cxx_noexcept
    Feature record: CXX_FEATURE:0cxx_nonstatic_member_init
    Feature record: CXX_FEATURE:0cxx_nullptr
    Feature record: CXX_FEATURE:0cxx_override
    Feature record: CXX_FEATURE:0cxx_range_for
    Feature record: CXX_FEATURE:0cxx_raw_string_literals
    Feature record: CXX_FEATURE:0cxx_reference_qualified_functions
    Feature record: CXX_FEATURE:0cxx_relaxed_constexpr
    Feature record: CXX_FEATURE:0cxx_return_type_deduction
    Feature record: CXX_FEATURE:0cxx_right_angle_brackets
    Feature record: CXX_FEATURE:0cxx_rvalue_references
    Feature record: CXX_FEATURE:0cxx_sizeof_member
    Feature record: CXX_FEATURE:0cxx_static_assert
    Feature record: CXX_FEATURE:0cxx_strong_enums
    Feature record: CXX_FEATURE:1cxx_template_template_parameters
    Feature record: CXX_FEATURE:0cxx_thread_local
    Feature record: CXX_FEATURE:0cxx_trailing_return_types
    Feature record: CXX_FEATURE:0cxx_unicode_literals
    Feature record: CXX_FEATURE:0cxx_uniform_initialization
    Feature record: CXX_FEATURE:0cxx_unrestricted_unions
    Feature record: CXX_FEATURE:0cxx_user_literals
    Feature record: CXX_FEATURE:0cxx_variable_templates
    Feature record: CXX_FEATURE:0cxx_variadic_macros
    Feature record: CXX_FEATURE:0cxx_variadic_templates
